<?xml version="1.0" encoding="UTF-8"?>
<coverage generated="1511781954372" clover="3.2.0">
  <project timestamp="1511781954372" name="All files">
    <metrics statements="25" coveredstatements="14" conditionals="10" coveredconditionals="2" methods="8" coveredmethods="2" elements="43" coveredelements="18" complexity="0" loc="25" ncloc="25" packages="3" files="5" classes="5">
      <package name="src.app.cart.state">
        <metrics statements="6" coveredstatements="6" conditionals="0" coveredconditionals="0" methods="0" coveredmethods="0"/>
        <file name="ActionTypes.js" path="D:\Workshop\react-workshop\src\app\cart\state\ActionTypes.js">
          <metrics statements="6" coveredstatements="6" conditionals="0" coveredconditionals="0" methods="0" coveredmethods="0"/>
          <line num="1" count="1" type="stmt"/>
          <line num="2" count="1" type="stmt"/>
          <line num="3" count="1" type="stmt"/>
          <line num="4" count="1" type="stmt"/>
          <line num="7" count="1" type="stmt"/>
          <line num="8" count="1" type="stmt"/>
        </file>
      </package>
      <package name="src.app.cart.state.reducers">
        <metrics statements="9" coveredstatements="2" conditionals="8" coveredconditionals="2" methods="3" coveredmethods="1"/>
        <file name="cartReducer.js" path="D:\Workshop\react-workshop\src\app\cart\state\reducers\cartReducer.js">
          <metrics statements="9" coveredstatements="2" conditionals="8" coveredconditionals="2" methods="3" coveredmethods="1"/>
          <line num="5" count="2" type="cond" truecount="1" falsecount="4"/>
          <line num="7" count="0" type="stmt"/>
          <line num="10" count="0" type="stmt"/>
          <line num="13" count="0" type="stmt"/>
          <line num="16" count="0" type="stmt"/>
          <line num="17" count="0" type="cond" truecount="0" falsecount="2"/>
          <line num="18" count="0" type="stmt"/>
          <line num="20" count="0" type="stmt"/>
          <line num="26" count="2" type="stmt"/>
        </file>
      </package>
      <package name="test-config">
        <metrics statements="10" coveredstatements="6" conditionals="2" coveredconditionals="0" methods="5" coveredmethods="1"/>
        <file name="browser-mocks.js" path="D:\Workshop\react-workshop\test-config\browser-mocks.js">
          <metrics statements="7" coveredstatements="4" conditionals="2" coveredconditionals="0" methods="4" coveredmethods="1"/>
          <line num="2" count="1" type="stmt"/>
          <line num="3" count="1" type="stmt"/>
          <line num="5" count="1" type="stmt"/>
          <line num="7" count="0" type="cond" truecount="0" falsecount="2"/>
          <line num="10" count="0" type="stmt"/>
          <line num="13" count="0" type="stmt"/>
          <line num="19" count="1" type="stmt"/>
        </file>
        <file name="setupTests.js" path="D:\Workshop\react-workshop\test-config\setupTests.js">
          <metrics statements="1" coveredstatements="1" conditionals="0" coveredconditionals="0" methods="0" coveredmethods="0"/>
          <line num="7" count="1" type="stmt"/>
        </file>
        <file name="shim.js" path="D:\Workshop\react-workshop\test-config\shim.js">
          <metrics statements="2" coveredstatements="1" conditionals="0" coveredconditionals="0" methods="1" coveredmethods="0"/>
          <line num="4" count="1" type="stmt"/>
          <line num="5" count="0" type="stmt"/>
        </file>
      </package>
    </metrics>
  </project>
</coverage>
