{"D:\\Workshop\\react-workshop\\src\\app\\cart\\state\\ActionTypes.js": {"path":"D:\\Workshop\\react-workshop\\src\\app\\cart\\state\\ActionTypes.js","statementMap":{"0":{"start":{"line":1,"column":32},"end":{"line":1,"column":55}},"1":{"start":{"line":2,"column":37},"end":{"line":2,"column":65}},"2":{"start":{"line":3,"column":36},"end":{"line":3,"column":62}},"3":{"start":{"line":4,"column":26},"end":{"line":4,"column":43}},"4":{"start":{"line":7,"column":29},"end":{"line":7,"column":52}},"5":{"start":{"line":8,"column":28},"end":{"line":8,"column":50}}},"fnMap":{},"branchMap":{},"s":{"0":1,"1":1,"2":1,"3":1,"4":1,"5":1},"f":{},"b":{},"_coverageSchema":"332fd63041d2c1bcb487cc26dd0d5f7d97098a6c","hash":"92591710c2f2965dfbcf6f39ee9e18280eee3272"}
,"D:\\Workshop\\react-workshop\\src\\app\\cart\\state\\reducers\\cartReducer.js": {"path":"D:\\Workshop\\react-workshop\\src\\app\\cart\\state\\reducers\\cartReducer.js","statementMap":{"0":{"start":{"line":5,"column":4},"end":{"line":27,"column":5}},"1":{"start":{"line":7,"column":12},"end":{"line":7,"column":51}},"2":{"start":{"line":10,"column":12},"end":{"line":10,"column":21}},"3":{"start":{"line":13,"column":12},"end":{"line":13,"column":69}},"4":{"start":{"line":13,"column":40},"end":{"line":13,"column":68}},"5":{"start":{"line":16,"column":12},"end":{"line":21,"column":14}},"6":{"start":{"line":17,"column":16},"end":{"line":18,"column":32}},"7":{"start":{"line":18,"column":20},"end":{"line":18,"column":32}},"8":{"start":{"line":20,"column":16},"end":{"line":20,"column":74}},"9":{"start":{"line":26,"column":12},"end":{"line":26,"column":25}}},"fnMap":{"0":{"name":"cartReducer","decl":{"start":{"line":4,"column":24},"end":{"line":4,"column":35}},"loc":{"start":{"line":4,"column":55},"end":{"line":28,"column":1}},"line":4},"1":{"name":"(anonymous_1)","decl":{"start":{"line":13,"column":32},"end":{"line":13,"column":33}},"loc":{"start":{"line":13,"column":40},"end":{"line":13,"column":68}},"line":13},"2":{"name":"(anonymous_2)","decl":{"start":{"line":16,"column":30},"end":{"line":16,"column":31}},"loc":{"start":{"line":16,"column":38},"end":{"line":21,"column":13}},"line":16}},"branchMap":{"0":{"loc":{"start":{"line":4,"column":36},"end":{"line":4,"column":46}},"type":"default-arg","locations":[{"start":{"line":4,"column":44},"end":{"line":4,"column":46}}],"line":4},"1":{"loc":{"start":{"line":5,"column":4},"end":{"line":27,"column":5}},"type":"switch","locations":[{"start":{"line":6,"column":8},"end":{"line":7,"column":51}},{"start":{"line":9,"column":8},"end":{"line":10,"column":21}},{"start":{"line":12,"column":8},"end":{"line":13,"column":69}},{"start":{"line":15,"column":8},"end":{"line":22,"column":9}},{"start":{"line":25,"column":8},"end":{"line":26,"column":25}}],"line":5},"2":{"loc":{"start":{"line":17,"column":16},"end":{"line":18,"column":32}},"type":"if","locations":[{"start":{"line":17,"column":16},"end":{"line":18,"column":32}},{"start":{"line":17,"column":16},"end":{"line":18,"column":32}}],"line":17}},"s":{"0":2,"1":0,"2":0,"3":0,"4":0,"5":0,"6":0,"7":0,"8":0,"9":2},"f":{"0":2,"1":0,"2":0},"b":{"0":[1],"1":[0,0,0,0,2],"2":[0,0]},"_coverageSchema":"332fd63041d2c1bcb487cc26dd0d5f7d97098a6c","hash":"6ee6b873c1af0b405161024a2c29e23200d94e22"}
,"D:\\Workshop\\react-workshop\\test-config\\browser-mocks.js": {"path":"D:\\Workshop\\react-workshop\\test-config\\browser-mocks.js","statementMap":{"0":{"start":{"line":2,"column":23},"end":{"line":17,"column":4}},"1":{"start":{"line":3,"column":16},"end":{"line":3,"column":18}},"2":{"start":{"line":5,"column":4},"end":{"line":15,"column":6}},"3":{"start":{"line":7,"column":12},"end":{"line":7,"column":38}},"4":{"start":{"line":10,"column":12},"end":{"line":10,"column":42}},"5":{"start":{"line":13,"column":12},"end":{"line":13,"column":23}},"6":{"start":{"line":19,"column":0},"end":{"line":21,"column":3}}},"fnMap":{"0":{"name":"(anonymous_0)","decl":{"start":{"line":2,"column":24},"end":{"line":2,"column":25}},"loc":{"start":{"line":2,"column":35},"end":{"line":17,"column":1}},"line":2},"1":{"name":"(anonymous_1)","decl":{"start":{"line":6,"column":17},"end":{"line":6,"column":18}},"loc":{"start":{"line":6,"column":31},"end":{"line":8,"column":9}},"line":6},"2":{"name":"(anonymous_2)","decl":{"start":{"line":9,"column":17},"end":{"line":9,"column":18}},"loc":{"start":{"line":9,"column":38},"end":{"line":11,"column":9}},"line":9},"3":{"name":"(anonymous_3)","decl":{"start":{"line":12,"column":15},"end":{"line":12,"column":16}},"loc":{"start":{"line":12,"column":26},"end":{"line":14,"column":9}},"line":12}},"branchMap":{"0":{"loc":{"start":{"line":7,"column":19},"end":{"line":7,"column":37}},"type":"binary-expr","locations":[{"start":{"line":7,"column":19},"end":{"line":7,"column":29}},{"start":{"line":7,"column":33},"end":{"line":7,"column":37}}],"line":7}},"s":{"0":1,"1":1,"2":1,"3":0,"4":0,"5":0,"6":1},"f":{"0":1,"1":0,"2":0,"3":0},"b":{"0":[0,0]},"_coverageSchema":"332fd63041d2c1bcb487cc26dd0d5f7d97098a6c","hash":"98ddf107eccbe0ccb33bd3d9697a5097f6267fbc"}
,"D:\\Workshop\\react-workshop\\test-config\\setupTests.js": {"path":"D:\\Workshop\\react-workshop\\test-config\\setupTests.js","statementMap":{"0":{"start":{"line":7,"column":0},"end":{"line":7,"column":38}}},"fnMap":{},"branchMap":{},"s":{"0":1},"f":{},"b":{},"_coverageSchema":"332fd63041d2c1bcb487cc26dd0d5f7d97098a6c","hash":"7e9d3b13c924247fbe2c949c113c525a70f552c4"}
,"D:\\Workshop\\react-workshop\\test-config\\shim.js": {"path":"D:\\Workshop\\react-workshop\\test-config\\shim.js","statementMap":{"0":{"start":{"line":4,"column":12},"end":{"line":6,"column":1}},"1":{"start":{"line":5,"column":4},"end":{"line":5,"column":21}}},"fnMap":{"0":{"name":"(anonymous_0)","decl":{"start":{"line":4,"column":43},"end":{"line":4,"column":44}},"loc":{"start":{"line":4,"column":51},"end":{"line":6,"column":1}},"line":4}},"branchMap":{},"s":{"0":1,"1":0},"f":{"0":0},"b":{},"_coverageSchema":"332fd63041d2c1bcb487cc26dd0d5f7d97098a6c","hash":"197dbacdc13f781dad4ccc18aee0fa72a138f423"}
}
